<?xml version="1.0" encoding="UTF-8"?>
<testsuite xmlns:xsi="http://www.w3.org/2001/XMLSchema-instance" xsi:noNamespaceSchemaLocation="https://maven.apache.org/surefire/maven-surefire-plugin/xsd/surefire-test-report.xsd" version="3.0.2" name="io.jenkins.plugins.queuemonitor.QueueSnapshotTest" time="0.01" tests="3" errors="0" skipped="0" failures="0">
  <properties>
[...]
</properties>
  <testcase name="notSaturatedWhenExecutorsFree" classname="io.jenkins.plugins.queuemonitor.QueueSnapshotTest" time="0.004"/>
  <testcase name="utilizationPercent" classname="io.jenkins.plugins.queuemonitor.QueueSnapshotTest" time="0.0"/>
  <testcase name="saturatedWhenAllExecutorsBusy" classname="io.jenkins.plugins.queuemonitor.QueueSnapshotTest" time="0.0"/>
</testsuite>